12 Dec 2021 | 22:08:38,070 | INFO  | main | bean.impl.EzySimpleBeanContext$Builder |     | active profiles: null
12 Dec 2021 | 22:08:38,406 | DEBUG | main | bean.impl.EzyByConstructorSingletonLoader |     | add singleton with name helloController of class com.tvd12.quick.rpc.examples.hello_world.controller.HelloController, object = com.tvd12.quick.rpc.examples.hello_world.controller.HelloController@282ba1e
12 Dec 2021 | 22:08:38,411 | DEBUG | main | bean.impl.EzyByConstructorSingletonLoader |     | add singleton with name greetRequestHandler of class com.tvd12.quick.rpc.examples.hello_world.handler.GreetRequestHandler, object = com.tvd12.quick.rpc.examples.hello_world.handler.GreetRequestHandler@71f2a7d5
12 Dec 2021 | 22:08:38,486 | DEBUG | main | binding.impl.EzyObjectWriterElementsFetcher |     | start scan class com.tvd12.quick.rpc.examples.hello_world.data.GreetResponse
12 Dec 2021 | 22:08:38,491 | DEBUG | main | binding.impl.EzyObjectWriterElementsFetcher |     | scan field message
12 Dec 2021 | 22:08:38,492 | DEBUG | main | binding.impl.EzyObjectWriterElementsFetcher |     | finish scan class com.tvd12.quick.rpc.examples.hello_world.data.GreetResponse
12 Dec 2021 | 22:08:38,585 | DEBUG | main | binding.impl.EzyObjectWriterBuilder |     | class com.tvd12.quick.rpc.examples.hello_world.data.GreetResponse$EzyObjectWriter$EzyAutoImpl$1 has generated
12 Dec 2021 | 22:08:38,594 | DEBUG | main | binding.impl.EzyObjectReaderElementsFetcher |     | start scan class com.tvd12.quick.rpc.examples.hello_world.data.GreetResponse
12 Dec 2021 | 22:08:38,595 | DEBUG | main | binding.impl.EzyObjectReaderElementsFetcher |     | scan field message
12 Dec 2021 | 22:08:38,595 | DEBUG | main | binding.impl.EzyObjectReaderElementsFetcher |     | finish scan class com.tvd12.quick.rpc.examples.hello_world.data.GreetResponse
12 Dec 2021 | 22:08:38,602 | DEBUG | main | binding.impl.EzyObjectReaderBuilder |     | class com.tvd12.quick.rpc.examples.hello_world.data.GreetResponse$EzyObjectReader$EzyAutoImpl$1 has generated
12 Dec 2021 | 22:08:38,604 | DEBUG | main | binding.impl.EzyObjectReaderElementsFetcher |     | start scan class com.tvd12.quick.rpc.examples.hello_world.data.GreetResponse
12 Dec 2021 | 22:08:38,604 | DEBUG | main | binding.impl.EzyObjectReaderElementsFetcher |     | scan field message
12 Dec 2021 | 22:08:38,604 | DEBUG | main | binding.impl.EzyObjectReaderElementsFetcher |     | finish scan class com.tvd12.quick.rpc.examples.hello_world.data.GreetResponse
12 Dec 2021 | 22:08:38,607 | DEBUG | main | binding.impl.EzyObjectUnwrapperBuilder |     | class com.tvd12.quick.rpc.examples.hello_world.data.GreetResponse$EzyObjectUnwrapper$EzyAutoImpl$1 has generated
12 Dec 2021 | 22:08:38,607 | DEBUG | main | binding.impl.EzyObjectWriterElementsFetcher |     | start scan class com.tvd12.quick.rpc.examples.hello_world.data.GreetRequest
12 Dec 2021 | 22:08:38,608 | DEBUG | main | binding.impl.EzyObjectWriterElementsFetcher |     | scan field who
12 Dec 2021 | 22:08:38,608 | DEBUG | main | binding.impl.EzyObjectWriterElementsFetcher |     | finish scan class com.tvd12.quick.rpc.examples.hello_world.data.GreetRequest
12 Dec 2021 | 22:08:38,610 | DEBUG | main | binding.impl.EzyObjectWriterBuilder |     | class com.tvd12.quick.rpc.examples.hello_world.data.GreetRequest$EzyObjectWriter$EzyAutoImpl$2 has generated
12 Dec 2021 | 22:08:38,611 | DEBUG | main | binding.impl.EzyObjectReaderElementsFetcher |     | start scan class com.tvd12.quick.rpc.examples.hello_world.data.GreetRequest
12 Dec 2021 | 22:08:38,611 | DEBUG | main | binding.impl.EzyObjectReaderElementsFetcher |     | scan field who
12 Dec 2021 | 22:08:38,611 | DEBUG | main | binding.impl.EzyObjectReaderElementsFetcher |     | finish scan class com.tvd12.quick.rpc.examples.hello_world.data.GreetRequest
12 Dec 2021 | 22:08:38,613 | DEBUG | main | binding.impl.EzyObjectReaderBuilder |     | class com.tvd12.quick.rpc.examples.hello_world.data.GreetRequest$EzyObjectReader$EzyAutoImpl$2 has generated
12 Dec 2021 | 22:08:38,614 | DEBUG | main | binding.impl.EzyObjectReaderElementsFetcher |     | start scan class com.tvd12.quick.rpc.examples.hello_world.data.GreetRequest
12 Dec 2021 | 22:08:38,614 | DEBUG | main | binding.impl.EzyObjectReaderElementsFetcher |     | scan field who
12 Dec 2021 | 22:08:38,614 | DEBUG | main | binding.impl.EzyObjectReaderElementsFetcher |     | finish scan class com.tvd12.quick.rpc.examples.hello_world.data.GreetRequest
12 Dec 2021 | 22:08:38,616 | DEBUG | main | binding.impl.EzyObjectUnwrapperBuilder |     | class com.tvd12.quick.rpc.examples.hello_world.data.GreetRequest$EzyObjectUnwrapper$EzyAutoImpl$2 has generated
12 Dec 2021 | 22:08:38,623 | DEBUG | main | binding.impl.EzyArrayWriterElementsFetcher |     | start scan class com.tvd12.quick.rpc.core.data.RpcBadRequestErrorData
12 Dec 2021 | 22:08:38,623 | DEBUG | main | binding.impl.EzyArrayWriterElementsFetcher |     | scan field code
12 Dec 2021 | 22:08:38,624 | DEBUG | main | binding.impl.EzyArrayWriterElementsFetcher |     | scan field message
12 Dec 2021 | 22:08:38,624 | DEBUG | main | binding.impl.EzyArrayWriterElementsFetcher |     | finish scan class com.tvd12.quick.rpc.core.data.RpcBadRequestErrorData
12 Dec 2021 | 22:08:38,628 | DEBUG | main | binding.impl.EzyArrayWriterBuilder |     | class com.tvd12.quick.rpc.core.data.RpcBadRequestErrorData$EzyArrayWriter$EzyAutoImpl$1 has generated
12 Dec 2021 | 22:08:38,631 | DEBUG | main | binding.impl.EzyArrayReaderElementsFetcher |     | start scan class com.tvd12.quick.rpc.core.data.RpcBadRequestErrorData
12 Dec 2021 | 22:08:38,632 | DEBUG | main | binding.impl.EzyArrayReaderElementsFetcher |     | scan field code
12 Dec 2021 | 22:08:38,632 | DEBUG | main | binding.impl.EzyArrayReaderElementsFetcher |     | field code has not getter/setter, ignore it
12 Dec 2021 | 22:08:38,632 | DEBUG | main | binding.impl.EzyArrayReaderElementsFetcher |     | scan field message
12 Dec 2021 | 22:08:38,632 | DEBUG | main | binding.impl.EzyArrayReaderElementsFetcher |     | field message has not getter/setter, ignore it
12 Dec 2021 | 22:08:38,632 | DEBUG | main | binding.impl.EzyArrayReaderElementsFetcher |     | finish scan class com.tvd12.quick.rpc.core.data.RpcBadRequestErrorData
12 Dec 2021 | 22:08:38,636 | DEBUG | main | binding.impl.EzyArrayReaderBuilder |     | class com.tvd12.quick.rpc.core.data.RpcBadRequestErrorData$EzyArrayReader$EzyAutoImpl$1 has generated
12 Dec 2021 | 22:08:38,638 | DEBUG | main | binding.impl.EzyArrayReaderElementsFetcher |     | start scan class com.tvd12.quick.rpc.core.data.RpcBadRequestErrorData
12 Dec 2021 | 22:08:38,638 | DEBUG | main | binding.impl.EzyArrayReaderElementsFetcher |     | scan field code
12 Dec 2021 | 22:08:38,638 | DEBUG | main | binding.impl.EzyArrayReaderElementsFetcher |     | field code has not getter/setter, ignore it
12 Dec 2021 | 22:08:38,638 | DEBUG | main | binding.impl.EzyArrayReaderElementsFetcher |     | scan field message
12 Dec 2021 | 22:08:38,638 | DEBUG | main | binding.impl.EzyArrayReaderElementsFetcher |     | field message has not getter/setter, ignore it
12 Dec 2021 | 22:08:38,638 | DEBUG | main | binding.impl.EzyArrayReaderElementsFetcher |     | finish scan class com.tvd12.quick.rpc.core.data.RpcBadRequestErrorData
12 Dec 2021 | 22:08:38,639 | DEBUG | main | binding.impl.EzyArrayUnwrapperBuilder |     | class com.tvd12.quick.rpc.core.data.RpcBadRequestErrorData$EzyArrayUnwrapper$EzyAutoImpl$1 has generated
12 Dec 2021 | 22:08:38,655 | DEBUG | main | server.asm.RpcRequestHandlerImplementer |     | component content: 
private com.tvd12.quick.rpc.examples.hello_world.controller.HelloController controller;
12 Dec 2021 | 22:08:38,655 | DEBUG | main | server.asm.RpcRequestHandlerImplementer |     | component content: 
public void setController(java.lang.Object arg0) {
	this.controller = (com.tvd12.quick.rpc.examples.hello_world.controller.HelloController)arg0;
}
12 Dec 2021 | 22:08:38,655 | DEBUG | main | server.asm.RpcRequestHandlerImplementer |     | component content: 
public java.lang.Object handleRequest(com.tvd12.quick.rpc.server.entity.RpcRequest arg0, com.tvd12.quick.rpc.server.entity.RpcResponse arg1) throws java.lang.Exception {
	com.tvd12.quick.rpc.examples.hello_world.data.GreetRequest param0 = ((com.tvd12.quick.rpc.examples.hello_world.data.GreetRequest)(arg0.getData()));
	com.tvd12.quick.rpc.server.entity.RpcRequest param1 = arg0;
	com.tvd12.quick.rpc.server.entity.RpcResponse param2 = arg1;
	com.tvd12.quick.rpc.server.entity.RpcSession param3 = arg0.getSession();
	return this.controller.greet(param0, param1, param2, param3);
}
12 Dec 2021 | 22:08:38,657 | DEBUG | main | server.asm.RpcRequestHandlerImplementer |     | component content: 
public void handleException(com.tvd12.quick.rpc.server.entity.RpcRequest arg0, com.tvd12.quick.rpc.server.entity.RpcResponse arg1, java.lang.Exception arg2) throws java.lang.Exception {
	throw arg2;
}
12 Dec 2021 | 22:08:38,657 | DEBUG | main | server.asm.RpcRequestHandlerImplementer |     | component content: 
public java.lang.Class getDataType() {
	return com.tvd12.quick.rpc.examples.hello_world.data.GreetRequest.class;
}
12 Dec 2021 | 22:08:38,847 | INFO  | main | ezyfoxserver.embedded.EzyEmbeddedStarter |     | settings: 
{
    "settings": {
        "nodeName": "rpc",
        "udp": {
            "channelPoolSize": 16,
            "codecCreator": "com.tvd12.ezyfox.codec.MsgPackCodecCreator",
            "address": "0.0.0.0",
            "maxRequestSize": 1024,
            "port": 2611,
            "active": false,
            "handlerThreadPoolSize": 5
        },
        "debug": false,
        "maxSessions": 999999,
        "sessionManagement": {
            "sessionMaxRequestPerSecond": {
                "action": "DROP_REQUEST",
                "value": 2147483647
            },
            "sessionMaxIdleTime": 30000,
            "sessionMaxWaitingTimeInSecond": 30,
            "sessionMaxIdleTimeInSecond": 30,
            "sessionMaxWaitingTime": 30000
        },
        "logger": {
            "ignoredCommands": "[PONG, PING]"
        },
        "zones": {
            "size": 1,
            "zones": [{
                    "maxUsers": 999999,
                    "userManagement": {
                        "allowGuestLogin": false,
                        "userMaxIdleTime": 0,
                        "allowChangeSession": true,
                        "guestNamePrefix": "Guest#",
                        "maxSessionPerUser": 2147483647,
                        "userMaxIdleTimeInSecond": 0,
                        "userNamePattern": "^[a-zA-Z0-9_.#]{3,64}$"
                    },
                    "streaming": {
                        "enable": false
                    },
                    "plugins": {
                        "size": 1,
                        "plugins": [{
                                "listenEvents": "[]",
                                "folder": "rpc",
                                "threadPoolSize": 0,
                                "configFile": "",
                                "name": "rpc",
                                "activeProfiles": null,
                                "entryLoader": "com.tvd12.quick.rpc.server.transport.RpcPluginEntryLoader",
                                "id": 1,
                                "packageName": null,
                                "priority": 0
                            }]
                    },
                    "configFile": "",
                    "name": "rpc",
                    "id": 1,
                    "eventControllers": {
                        "eventControllers": []
                    },
                    "applications": {
                        "size": 1,
                        "apps": [{
                                "maxUsers": 999999,
                                "folder": "rpc",
                                "threadPoolSize": 0,
                                "configFile": "",
                                "name": "rpc",
                                "activeProfiles": null,
                                "entryLoader": "com.tvd12.quick.rpc.server.transport.RpcAppEntryLoader",
                                "id": 1,
                                "packageName": null
                            }]
                    }
                }]
        },
        "eventControllers": {
            "eventControllers": []
        },
        "streaming": {
            "enable": false
        },
        "threadPoolSize": {
            "extensionRequestHandler": 8,
            "socketUserRemovalHandler": 1,
            "streamHandler": 8,
            "socketDisconnectionHandler": 1,
            "socketDataReceiver": 8,
            "statistics": 1,
            "systemRequestHandler": 2
        },
        "websocket": {
            "codecCreator": "com.tvd12.ezyfox.codec.JacksonCodecCreator",
            "address": "0.0.0.0",
            "sslConfig": {
                "file": "ssl-config.properties",
                "loader": "com.tvd12.ezyfoxserver.ssl.EzySimpleSslConfigLoader",
                "contextFactoryBuilder": "com.tvd12.ezyfoxserver.ssl.EzySimpleSslContextFactoryBuilder"
            },
            "port": 2208,
            "sslActive": false,
            "active": false,
            "sslPort": 2812,
            "maxFrameSize": 2048,
            "managementEnable": false,
            "writerThreadPoolSize": 8
        },
        "socket": {
            "codecCreator": "com.tvd12.ezyfox.codec.MsgPackCodecCreator",
            "address": "0.0.0.0",
            "maxRequestSize": 32768,
            "port": 3005,
            "sslActive": false,
            "active": true,
            "tcpNoDelay": false,
            "writerThreadPoolSize": 8
        },
        "admins": {
            "count": 1,
            "admins": [{
                    "password": "*******",
                    "accessToken": "*******",
                    "username": "admin"
                }]
        }
    },
    "version": "1.0.0",
    "config": {
        "loggerConfigFile": "default",
        "enableAppClassLoader": false,
        "ezyfoxHome": ""
    }
}
12 Dec 2021 | 22:08:38,929 | DEBUG | main | wrapper.impl.EzyZoneUserManagerImpl |     | start user manager for zone: rpc
12 Dec 2021 | 22:08:39,057 | DEBUG | main | ezyfoxserver.nio.EzyNioServerBootstrap |     | starting local bootstrap ....
12 Dec 2021 | 22:08:39,062 | INFO  | main | tvd12.ezyfoxserver.EzyZonesStarter |     | start zones: [rpc]
12 Dec 2021 | 22:08:39,062 | INFO  | main | tvd12.ezyfoxserver.EzyZonesStarter |     | start all plugins ...
12 Dec 2021 | 22:08:39,064 | INFO  | main | tvd12.ezyfoxserver.EzyPluginsStarter |     | start plugins: [rpc]
12 Dec 2021 | 22:08:39,064 | DEBUG | main | tvd12.ezyfoxserver.EzyPluginsStarter |     | plugin: rpc loading...
12 Dec 2021 | 22:08:39,067 | DEBUG | main | tvd12.ezyfoxserver.EzyPluginsStarter |     | plugin: rpc loaded
12 Dec 2021 | 22:08:39,067 | INFO  | main | tvd12.ezyfoxserver.EzyZonesStarter |     | start all apps ...
12 Dec 2021 | 22:08:39,068 | INFO  | main | tvd12.ezyfoxserver.EzyAppsStarter |     | start apps: [rpc]
12 Dec 2021 | 22:08:39,068 | DEBUG | main | tvd12.ezyfoxserver.EzyAppsStarter |     | app: rpc loading...
12 Dec 2021 | 22:08:39,074 | DEBUG | main | tvd12.ezyfoxserver.EzyAppsStarter |     | app: rpc loaded
12 Dec 2021 | 22:08:39,076 | DEBUG | main | wrapper.impl.EzyNioSessionManagerImpl |     | start session manager
12 Dec 2021 | 22:08:39,076 | DEBUG | main | ezyfoxserver.nio.EzyNioServerBootstrap |     | local bootstrap has started
12 Dec 2021 | 22:08:39,076 | DEBUG | main | ezyfoxserver.nio.EzyNioServerBootstrap |     | starting tcp socket server bootstrap ....
12 Dec 2021 | 22:08:39,105 | DEBUG | ezyfox-socket-acceptor-11-1 | ezyfoxserver.socket.EzySocketEventLoopOneHandler$1 |     | ezyfox-socket-acceptor-11-1 event loop has started
12 Dec 2021 | 22:08:39,105 | DEBUG | ezyfox-socket-reader-12-1 | ezyfoxserver.socket.EzySocketEventLoopOneHandler$1 |     | ezyfox-socket-reader-12-1 event loop has started
12 Dec 2021 | 22:08:39,105 | DEBUG | ezyfox-socket-writer-13-2 | ezyfoxserver.socket.EzySocketEventLoopMultiHandler$1 |     | ezyfox-socket-writer-13-2 event loop has started
12 Dec 2021 | 22:08:39,105 | DEBUG | ezyfox-socket-writer-13-1 | ezyfoxserver.socket.EzySocketEventLoopMultiHandler$1 |     | ezyfox-socket-writer-13-1 event loop has started
12 Dec 2021 | 22:08:39,110 | DEBUG | ezyfox-socket-writer-13-7 | ezyfoxserver.socket.EzySocketEventLoopMultiHandler$1 |     | ezyfox-socket-writer-13-7 event loop has started
12 Dec 2021 | 22:08:39,110 | DEBUG | ezyfox-socket-writer-13-8 | ezyfoxserver.socket.EzySocketEventLoopMultiHandler$1 |     | ezyfox-socket-writer-13-8 event loop has started
12 Dec 2021 | 22:08:39,110 | DEBUG | ezyfox-socket-writer-13-5 | ezyfoxserver.socket.EzySocketEventLoopMultiHandler$1 |     | ezyfox-socket-writer-13-5 event loop has started
12 Dec 2021 | 22:08:39,110 | DEBUG | ezyfox-socket-writer-13-6 | ezyfoxserver.socket.EzySocketEventLoopMultiHandler$1 |     | ezyfox-socket-writer-13-6 event loop has started
12 Dec 2021 | 22:08:39,105 | DEBUG | ezyfox-socket-writer-13-4 | ezyfoxserver.socket.EzySocketEventLoopMultiHandler$1 |     | ezyfox-socket-writer-13-4 event loop has started
12 Dec 2021 | 22:08:39,105 | DEBUG | ezyfox-socket-writer-13-3 | ezyfoxserver.socket.EzySocketEventLoopMultiHandler$1 |     | ezyfox-socket-writer-13-3 event loop has started
12 Dec 2021 | 22:08:39,110 | DEBUG | main | ezyfoxserver.nio.EzyNioServerBootstrap |     | tcp socket server bootstrap has started
12 Dec 2021 | 22:08:39,112 | DEBUG | ezyfox-system-request-handler-14-1 | ezyfoxserver.socket.EzySocketEventLoopOneHandler$1 |     | ezyfox-system-request-handler-14-1 event loop has started
12 Dec 2021 | 22:08:39,112 | DEBUG | ezyfox-system-request-handler-14-2 | ezyfoxserver.socket.EzySocketEventLoopOneHandler$1 |     | ezyfox-system-request-handler-14-2 event loop has started
12 Dec 2021 | 22:08:39,112 | DEBUG | ezyfox-extension-request-handler-15-1 | ezyfoxserver.socket.EzySocketEventLoopOneHandler$1 |     | ezyfox-extension-request-handler-15-1 event loop has started
12 Dec 2021 | 22:08:39,112 | DEBUG | ezyfox-extension-request-handler-15-2 | ezyfoxserver.socket.EzySocketEventLoopOneHandler$1 |     | ezyfox-extension-request-handler-15-2 event loop has started
12 Dec 2021 | 22:08:39,112 | DEBUG | ezyfox-extension-request-handler-15-5 | ezyfoxserver.socket.EzySocketEventLoopOneHandler$1 |     | ezyfox-extension-request-handler-15-5 event loop has started
12 Dec 2021 | 22:08:39,112 | DEBUG | ezyfox-extension-request-handler-15-4 | ezyfoxserver.socket.EzySocketEventLoopOneHandler$1 |     | ezyfox-extension-request-handler-15-4 event loop has started
12 Dec 2021 | 22:08:39,112 | DEBUG | ezyfox-extension-request-handler-15-3 | ezyfoxserver.socket.EzySocketEventLoopOneHandler$1 |     | ezyfox-extension-request-handler-15-3 event loop has started
12 Dec 2021 | 22:08:39,112 | DEBUG | ezyfox-extension-request-handler-15-8 | ezyfoxserver.socket.EzySocketEventLoopOneHandler$1 |     | ezyfox-extension-request-handler-15-8 event loop has started
12 Dec 2021 | 22:08:39,112 | DEBUG | ezyfox-extension-request-handler-15-7 | ezyfoxserver.socket.EzySocketEventLoopOneHandler$1 |     | ezyfox-extension-request-handler-15-7 event loop has started
12 Dec 2021 | 22:08:39,112 | DEBUG | ezyfox-extension-request-handler-15-6 | ezyfoxserver.socket.EzySocketEventLoopOneHandler$1 |     | ezyfox-extension-request-handler-15-6 event loop has started
12 Dec 2021 | 22:08:39,114 | DEBUG | ezyfox-disconnection-handler-16-1 | ezyfoxserver.socket.EzySocketEventLoopOneHandler$1 |     | ezyfox-disconnection-handler-16-1 event loop has started
12 Dec 2021 | 22:08:39,116 | DEBUG | ezyfox-user-removal-handler-17-1 | ezyfoxserver.socket.EzySocketEventLoopOneHandler$1 |     | ezyfox-user-removal-handler-17-1 event loop has started
12 Dec 2021 | 22:08:39,122 | INFO  | main | ezyfoxserver.nio.EzyNioServerBootstrap |     | 

   ____  _  _______  _____   _____      _____  ______          _______     __
  / __ \| |/ /  __ \|  __ \ / ____|    |  __ \|  ____|   /\   |  __ \ \   / /
 | |  | | ' /| |__) | |__) | |   ______| |__) | |__     /  \  | |  | \ \_/ / 
 | |  | |  < |  _  /|  ___/| |  |______|  _  /|  __|   / /\ \ | |  | |\   /  
 | |__| | . \| | \ \| |    | |____     | | \ \| |____ / ____ \| |__| | | |   
  \___\_\_|\_\_|  \_\_|     \_____|    |_|  \_\______/_/    \_\_____/  |_|   
                                                                             
                                                                             


12 Dec 2021 | 22:08:39,124 | DEBUG | main | command.impl.EzyBroadcastEventImpl |     | broadcast server event: SERVER_READY
12 Dec 2021 | 22:08:39,125 | DEBUG | main | command.impl.EzyZoneBroadcastEventImpl |     | zone: rpc fire event: SERVER_READY
12 Dec 2021 | 22:08:45,190 | DEBUG | main | binding.impl.EzyObjectWriterElementsFetcher |     | start scan class com.tvd12.quick.rpc.examples.hello_world.data.GreetRequest
12 Dec 2021 | 22:08:45,208 | DEBUG | main | binding.impl.EzyObjectWriterElementsFetcher |     | scan field who
12 Dec 2021 | 22:08:45,210 | DEBUG | main | binding.impl.EzyObjectWriterElementsFetcher |     | finish scan class com.tvd12.quick.rpc.examples.hello_world.data.GreetRequest
12 Dec 2021 | 22:08:45,329 | DEBUG | main | binding.impl.EzyObjectWriterBuilder |     | class com.tvd12.quick.rpc.examples.hello_world.data.GreetRequest$EzyObjectWriter$EzyAutoImpl$1 has generated
12 Dec 2021 | 22:08:45,341 | DEBUG | main | binding.impl.EzyObjectReaderElementsFetcher |     | start scan class com.tvd12.quick.rpc.examples.hello_world.data.GreetRequest
12 Dec 2021 | 22:08:45,342 | DEBUG | main | binding.impl.EzyObjectReaderElementsFetcher |     | scan field who
12 Dec 2021 | 22:08:45,343 | DEBUG | main | binding.impl.EzyObjectReaderElementsFetcher |     | finish scan class com.tvd12.quick.rpc.examples.hello_world.data.GreetRequest
12 Dec 2021 | 22:08:45,351 | DEBUG | main | binding.impl.EzyObjectReaderBuilder |     | class com.tvd12.quick.rpc.examples.hello_world.data.GreetRequest$EzyObjectReader$EzyAutoImpl$1 has generated
12 Dec 2021 | 22:08:45,353 | DEBUG | main | binding.impl.EzyObjectReaderElementsFetcher |     | start scan class com.tvd12.quick.rpc.examples.hello_world.data.GreetRequest
12 Dec 2021 | 22:08:45,353 | DEBUG | main | binding.impl.EzyObjectReaderElementsFetcher |     | scan field who
12 Dec 2021 | 22:08:45,354 | DEBUG | main | binding.impl.EzyObjectReaderElementsFetcher |     | finish scan class com.tvd12.quick.rpc.examples.hello_world.data.GreetRequest
12 Dec 2021 | 22:08:45,357 | DEBUG | main | binding.impl.EzyObjectUnwrapperBuilder |     | class com.tvd12.quick.rpc.examples.hello_world.data.GreetRequest$EzyObjectUnwrapper$EzyAutoImpl$1 has generated
12 Dec 2021 | 22:08:45,357 | DEBUG | main | binding.impl.EzyObjectWriterElementsFetcher |     | start scan class com.tvd12.quick.rpc.examples.hello_world.data.GreetResponse
12 Dec 2021 | 22:08:45,358 | DEBUG | main | binding.impl.EzyObjectWriterElementsFetcher |     | scan field message
12 Dec 2021 | 22:08:45,358 | DEBUG | main | binding.impl.EzyObjectWriterElementsFetcher |     | finish scan class com.tvd12.quick.rpc.examples.hello_world.data.GreetResponse
12 Dec 2021 | 22:08:45,362 | DEBUG | main | binding.impl.EzyObjectWriterBuilder |     | class com.tvd12.quick.rpc.examples.hello_world.data.GreetResponse$EzyObjectWriter$EzyAutoImpl$2 has generated
12 Dec 2021 | 22:08:45,363 | DEBUG | main | binding.impl.EzyObjectReaderElementsFetcher |     | start scan class com.tvd12.quick.rpc.examples.hello_world.data.GreetResponse
12 Dec 2021 | 22:08:45,363 | DEBUG | main | binding.impl.EzyObjectReaderElementsFetcher |     | scan field message
12 Dec 2021 | 22:08:45,363 | DEBUG | main | binding.impl.EzyObjectReaderElementsFetcher |     | finish scan class com.tvd12.quick.rpc.examples.hello_world.data.GreetResponse
12 Dec 2021 | 22:08:45,367 | DEBUG | main | binding.impl.EzyObjectReaderBuilder |     | class com.tvd12.quick.rpc.examples.hello_world.data.GreetResponse$EzyObjectReader$EzyAutoImpl$2 has generated
12 Dec 2021 | 22:08:45,368 | DEBUG | main | binding.impl.EzyObjectReaderElementsFetcher |     | start scan class com.tvd12.quick.rpc.examples.hello_world.data.GreetResponse
12 Dec 2021 | 22:08:45,368 | DEBUG | main | binding.impl.EzyObjectReaderElementsFetcher |     | scan field message
12 Dec 2021 | 22:08:45,368 | DEBUG | main | binding.impl.EzyObjectReaderElementsFetcher |     | finish scan class com.tvd12.quick.rpc.examples.hello_world.data.GreetResponse
12 Dec 2021 | 22:08:45,371 | DEBUG | main | binding.impl.EzyObjectUnwrapperBuilder |     | class com.tvd12.quick.rpc.examples.hello_world.data.GreetResponse$EzyObjectUnwrapper$EzyAutoImpl$2 has generated
12 Dec 2021 | 22:08:45,379 | DEBUG | main | binding.impl.EzyArrayWriterElementsFetcher |     | start scan class com.tvd12.quick.rpc.core.data.RpcBadRequestErrorData
12 Dec 2021 | 22:08:45,380 | DEBUG | main | binding.impl.EzyArrayWriterElementsFetcher |     | scan field code
12 Dec 2021 | 22:08:45,380 | DEBUG | main | binding.impl.EzyArrayWriterElementsFetcher |     | scan field message
12 Dec 2021 | 22:08:45,380 | DEBUG | main | binding.impl.EzyArrayWriterElementsFetcher |     | finish scan class com.tvd12.quick.rpc.core.data.RpcBadRequestErrorData
12 Dec 2021 | 22:08:45,386 | DEBUG | main | binding.impl.EzyArrayWriterBuilder |     | class com.tvd12.quick.rpc.core.data.RpcBadRequestErrorData$EzyArrayWriter$EzyAutoImpl$1 has generated
12 Dec 2021 | 22:08:45,389 | DEBUG | main | binding.impl.EzyArrayReaderElementsFetcher |     | start scan class com.tvd12.quick.rpc.core.data.RpcBadRequestErrorData
12 Dec 2021 | 22:08:45,389 | DEBUG | main | binding.impl.EzyArrayReaderElementsFetcher |     | scan field code
12 Dec 2021 | 22:08:45,389 | DEBUG | main | binding.impl.EzyArrayReaderElementsFetcher |     | field code has not getter/setter, ignore it
12 Dec 2021 | 22:08:45,390 | DEBUG | main | binding.impl.EzyArrayReaderElementsFetcher |     | scan field message
12 Dec 2021 | 22:08:45,390 | DEBUG | main | binding.impl.EzyArrayReaderElementsFetcher |     | field message has not getter/setter, ignore it
12 Dec 2021 | 22:08:45,390 | DEBUG | main | binding.impl.EzyArrayReaderElementsFetcher |     | finish scan class com.tvd12.quick.rpc.core.data.RpcBadRequestErrorData
12 Dec 2021 | 22:08:45,395 | DEBUG | main | binding.impl.EzyArrayReaderBuilder |     | class com.tvd12.quick.rpc.core.data.RpcBadRequestErrorData$EzyArrayReader$EzyAutoImpl$1 has generated
12 Dec 2021 | 22:08:45,396 | DEBUG | main | binding.impl.EzyArrayReaderElementsFetcher |     | start scan class com.tvd12.quick.rpc.core.data.RpcBadRequestErrorData
12 Dec 2021 | 22:08:45,397 | DEBUG | main | binding.impl.EzyArrayReaderElementsFetcher |     | scan field code
12 Dec 2021 | 22:08:45,397 | DEBUG | main | binding.impl.EzyArrayReaderElementsFetcher |     | field code has not getter/setter, ignore it
12 Dec 2021 | 22:08:45,397 | DEBUG | main | binding.impl.EzyArrayReaderElementsFetcher |     | scan field message
12 Dec 2021 | 22:08:45,397 | DEBUG | main | binding.impl.EzyArrayReaderElementsFetcher |     | field message has not getter/setter, ignore it
12 Dec 2021 | 22:08:45,397 | DEBUG | main | binding.impl.EzyArrayReaderElementsFetcher |     | finish scan class com.tvd12.quick.rpc.core.data.RpcBadRequestErrorData
12 Dec 2021 | 22:08:45,399 | DEBUG | main | binding.impl.EzyArrayUnwrapperBuilder |     | class com.tvd12.quick.rpc.core.data.RpcBadRequestErrorData$EzyArrayUnwrapper$EzyAutoImpl$1 has generated
12 Dec 2021 | 22:08:45,666 | INFO  | ezyfox-socket-reader-12-1 | wrapper.impl.EzyNioSessionManagerImpl |     | provide session: Session#1(owner: null, address: /127.0.0.1:59653), sessions size = 1
12 Dec 2021 | 22:08:45,768 | DEBUG | qkrpc-client-rpc-client-socket-loop | ezyfoxserver.client.EzyTcpClient |     | send command: HANDSHAKE and data: [b9a823b8-3058-41b4-b660-547a6b7b05f1, null, JAVA, 1.1.3, false, ]
12 Dec 2021 | 22:08:45,862 | DEBUG | qkrpc-client-rpc-client-socket-loop | client.socket.EzyTcpSocketClient |     | received command: HANDSHAKE and data: [null, 560c49c4c34e817b4f56490a575a9a60f1f9d1a933603133da764464152d7e5c, 1, null]
12 Dec 2021 | 22:08:45,865 | DEBUG | qkrpc-client-rpc-client-socket-loop | ezyfoxserver.client.EzyTcpClient |     | send command: LOGIN and data: [rpc, admin, admin, null]
12 Dec 2021 | 22:08:45,871 | DEBUG | ezyfox-system-request-handler-14-2 | command.impl.EzyBroadcastPluginsEventImpl |     | zone: rpc broadcast to plugins event: USER_LOGIN
12 Dec 2021 | 22:08:45,878 | INFO  | ezyfox-system-request-handler-14-2 | wrapper.impl.EzyZoneUserManagerImpl |     | zone: rpc add user: admin, locks.size = 1, usersById.size = 1, usersByName.size = 1
12 Dec 2021 | 22:08:45,881 | DEBUG | ezyfox-system-request-handler-14-2 | command.impl.EzyBroadcastPluginsEventImpl |     | zone: rpc broadcast to plugins event: USER_ADDED
12 Dec 2021 | 22:08:45,886 | DEBUG | qkrpc-client-rpc-client-socket-loop | client.socket.EzyTcpSocketClient |     | received command: LOGIN and data: [1, rpc, 1, admin, null]
12 Dec 2021 | 22:08:45,903 | DEBUG | qkrpc-client-rpc-client-socket-loop | ezyfoxserver.client.EzyTcpClient |     | send command: APP_ACCESS and data: [rpc, null]
12 Dec 2021 | 22:08:45,903 | DEBUG | qkrpc-client-rpc-client-socket-loop | rpc.client.QuickRpcClient$7 |     | user: User(id: 1, name: admin) logged in successfully
12 Dec 2021 | 22:08:45,904 | INFO  | ezyfox-system-request-handler-14-1 | wrapper.impl.EzyAppUserManagerImpl |     | app: rpc add user: admin, locks.size = 1, usersById.size = 1, usersByName.size = 1
12 Dec 2021 | 22:08:45,911 | DEBUG | qkrpc-client-rpc-client-socket-loop | client.socket.EzyTcpSocketClient |     | received command: APP_ACCESS and data: [1, rpc, []]
12 Dec 2021 | 22:08:45,913 | DEBUG | qkrpc-client-rpc-client-socket-loop | ezyfoxserver.client.EzyTcpClient |     | send command: APP_REQUEST and data: [1, [$c, com.tvd12.ezyfox.entity.EzyEmptyArray@2dd9d655]]
12 Dec 2021 | 22:08:45,924 | DEBUG | qkrpc-client-rpc-client-socket-loop | client.socket.EzyTcpSocketClient |     | received command: APP_REQUEST and data: [1, [$c, null]]
12 Dec 2021 | 22:08:45,934 | DEBUG | main | ezyfoxserver.client.EzyTcpClient |     | send command: APP_REQUEST and data: [1, [$r, [greet, 1, {who=World}]]]
12 Dec 2021 | 22:08:45,941 | DEBUG | qkrpc-client-rpc-client-socket-loop | client.socket.EzyTcpSocketClient |     | received command: APP_REQUEST and data: [1, [$r, [greet, 1, {message=Hello World!}]]]
12 Dec 2021 | 22:09:13,460 | DEBUG | ezyfox-disconnection-handler-16-1 | wrapper.impl.EzyHandlerGroupManagerImpl |     | remove handler group: com.tvd12.ezyfoxserver.nio.handler.EzySimpleNioHandlerGroup@5c4acb18 with session: (id: 1, type: JAVA, version: 1.1.3, address: /127.0.0.1:59653, token: 560c49c4c34e817b4f56490a575a9a60f1f9d1a933603133da764464152d7e5c), groupsByConnection.size: 0, socketChannelByUdpAddress.size: 0
12 Dec 2021 | 22:09:13,460 | INFO  | ezyfox-disconnection-handler-16-1 | wrapper.impl.EzyNioSessionManagerImpl |     | remove session: Session#1(owner: admin, address: /127.0.0.1:59653), remain sessions = 0, login sessions = 0, sessions by id = 0, sessions by connection = 0
12 Dec 2021 | 22:09:13,462 | DEBUG | ezyfox-disconnection-handler-16-1 | command.impl.EzyBroadcastAppsEventImpl |     | zone rpc broadcast to apps event: SESSION_REMOVED
12 Dec 2021 | 22:09:13,464 | DEBUG | ezyfox-disconnection-handler-16-1 | server.transport.RpcSessionRemoveController |     | session: (id: 1, type: JAVA, version: 1.1.3, address: /127.0.0.1:59653, token: 560c49c4c34e817b4f56490a575a9a60f1f9d1a933603133da764464152d7e5c) has removed, remain 0 rpc session
12 Dec 2021 | 22:09:13,464 | DEBUG | ezyfox-disconnection-handler-16-1 | command.impl.EzyBroadcastPluginsEventImpl |     | zone: rpc broadcast to plugins event: SESSION_REMOVED
12 Dec 2021 | 22:09:13,465 | INFO  | ezyfox-disconnection-handler-16-1 | command.impl.EzyCloseSessionImpl |     | close session: /127.0.0.1:59653, reason: UNKNOWN
12 Dec 2021 | 22:09:13,466 | DEBUG | ezyfox-disconnection-handler-16-1 | wrapper.impl.EzyZoneUserManagerImpl |     | zone: rpc remove session /127.0.0.1:59653 from user admin by reason UNKNOWN, user remain: 0 sessions, usersBySession.size: 0
12 Dec 2021 | 22:09:13,467 | DEBUG | ezyfox-disconnection-handler-16-1 | wrapper.impl.EzyZoneUserManagerImpl |     | zone: rpc remove user: admin by reason: UNKNOWN
12 Dec 2021 | 22:09:13,467 | INFO  | ezyfox-disconnection-handler-16-1 | wrapper.impl.EzyZoneUserManagerImpl |     | zone: rpc remove user: admin, locks.size = 0, usersById.size = 0, usersByName.size = 0
12 Dec 2021 | 22:09:13,469 | INFO  | ezyfox-user-removal-handler-17-1 | wrapper.impl.EzyAppUserManagerImpl |     | app: rpc remove user: admin, locks.size = 0, usersById.size = 0, usersByName.size = 0
12 Dec 2021 | 22:09:13,471 | DEBUG | ezyfox-user-removal-handler-17-1 | command.impl.EzyBroadcastPluginsEventImpl |     | zone: rpc broadcast to plugins event: USER_REMOVED
12 Dec 2021 | 22:09:13,471 | DEBUG | ezyfox-user-removal-handler-17-1 | ezyfoxserver.socket.EzySocketUserRemovalHandler |     | user admin has destroyed
